\BOOKMARK [0][-]{chapter.1}{apis package}{}% 1
\BOOKMARK [1][-]{section.1.1}{Submodules}{chapter.1}% 2
\BOOKMARK [1][-]{section.1.2}{apis.facebook\137api module}{chapter.1}% 3
\BOOKMARK [1][-]{section.1.3}{apis.flickr\137api module}{chapter.1}% 4
\BOOKMARK [1][-]{section.1.4}{apis.instagram\137api module}{chapter.1}% 5
\BOOKMARK [1][-]{section.1.5}{apis.twitter\137api module}{chapter.1}% 6
\BOOKMARK [1][-]{section.1.6}{Module contents}{chapter.1}% 7
\BOOKMARK [0][-]{chapter.2}{config module}{}% 8
\BOOKMARK [0][-]{chapter.3}{flickr\137analysis module}{}% 9
\BOOKMARK [0][-]{chapter.4}{geo module}{}% 10
\BOOKMARK [0][-]{chapter.5}{old\137stuff module}{}% 11
\BOOKMARK [0][-]{chapter.6}{sandbox module}{}% 12
\BOOKMARK [0][-]{chapter.7}{secrets module}{}% 13
\BOOKMARK [0][-]{chapter.8}{store module}{}% 14
\BOOKMARK [0][-]{chapter.9}{test package}{}% 15
\BOOKMARK [1][-]{section.9.1}{Submodules}{chapter.9}% 16
\BOOKMARK [1][-]{section.9.2}{test.twitter\137analysis\137test module}{chapter.9}% 17
\BOOKMARK [1][-]{section.9.3}{Module contents}{chapter.9}% 18
\BOOKMARK [0][-]{chapter.10}{twitter\137analysis module}{}% 19
\BOOKMARK [0][-]{chapter.11}{utils module}{}% 20
\BOOKMARK [0][-]{section*.3}{Python Module Index}{}% 21
\BOOKMARK [0][-]{section*.4}{Index}{}% 22
