\BOOKMARK [0][-]{chapter.1}{Flickr}{}% 1
\BOOKMARK [1][-]{section.1.1}{API}{chapter.1}% 2
\BOOKMARK [1][-]{section.1.2}{Python Library}{chapter.1}% 3
\BOOKMARK [0][-]{chapter.2}{Twitter}{}% 4
\BOOKMARK [1][-]{section.2.1}{Basics}{chapter.2}% 5
\BOOKMARK [1][-]{section.2.2}{API}{chapter.2}% 6
\BOOKMARK [1][-]{section.2.3}{Tweepy}{chapter.2}% 7
\BOOKMARK [0][-]{chapter.3}{Results}{}% 8
\BOOKMARK [0][-]{chapter.4}{Codebase}{}% 9
\BOOKMARK [1][-]{section.4.1}{Important Libraries}{chapter.4}% 10
\BOOKMARK [0][-]{chapter.5}{Modules}{}% 11
\BOOKMARK [1][-]{section.5.1}{apis package}{chapter.5}% 12
\BOOKMARK [1][-]{section.5.2}{config module}{chapter.5}% 13
\BOOKMARK [1][-]{section.5.3}{flickr\137analysis module}{chapter.5}% 14
\BOOKMARK [1][-]{section.5.4}{geo module}{chapter.5}% 15
\BOOKMARK [1][-]{section.5.5}{secrets module}{chapter.5}% 16
\BOOKMARK [1][-]{section.5.6}{store module}{chapter.5}% 17
\BOOKMARK [1][-]{section.5.7}{twitter\137analysis module}{chapter.5}% 18
\BOOKMARK [1][-]{section.5.8}{utils module}{chapter.5}% 19
\BOOKMARK [0][-]{section*.58}{Python Module Index}{}% 20
\BOOKMARK [0][-]{section*.59}{Index}{}% 21
